2024-10-23 13:07:43 - Error: Could not load model Opencart\Catalog\Model\Product\Product! in D:\xampp\htdocs\opencart\system\engine\loader.php on line 177
2024-10-23 13:08:05 - Error: Could not load model Opencart\Catalog\Model\Product\Product! in D:\xampp\htdocs\opencart\system\engine\loader.php on line 177
2024-10-23 13:08:17 - Error: Could not load model Opencart\Catalog\Model\Product\Product! in D:\xampp\htdocs\opencart\system\engine\loader.php on line 177
2024-10-23 13:08:34 - Error: Could not load model Opencart\Catalog\Model\Product\Product! in D:\xampp\htdocs\opencart\system\engine\loader.php on line 177
2024-10-23 13:08:35 - Error: Could not load model Opencart\Catalog\Model\Product\Product! in D:\xampp\htdocs\opencart\system\engine\loader.php on line 177
2024-10-23 13:10:39 - Error: Could not load model Opencart\Catalog\Model\Product\Product! in D:\xampp\htdocs\opencart\system\engine\loader.php on line 177
2024-10-23 13:10:42 - Error: Could not load model Opencart\Catalog\Model\Product\Product! in D:\xampp\htdocs\opencart\system\engine\loader.php on line 177
2024-10-23 13:11:17 - Error: Could not load model Opencart\Catalog\Model\Product\Product! in D:\xampp\htdocs\opencart\system\engine\loader.php on line 177
2024-10-23 13:11:34 - Error: Could not load model Opencart\Catalog\Model\Product\Product! in D:\xampp\htdocs\opencart\system\engine\loader.php on line 177
2024-10-23 13:18:42 - Error: Could not load model Opencart\Catalog\Model\Product\Product! in D:\xampp\htdocs\opencart\system\engine\loader.php on line 177
2024-10-23 13:34:04 - PHP Warning:  Array to string conversion in D:\xampp\htdocs\opencart\system\storage\cache\template\41\419f8ae17ce4f31ec3bdecf61952f663.php on line 88
2024-10-23 13:34:35 - Unknown "var_dump" function. in D:\xampp\htdocs\opencart\catalog\view\template\product\review_list.twig on line 20
2024-10-23 13:35:05 - Unknown "dump" function. in D:\xampp\htdocs\opencart\catalog\view\template\product\review_list.twig on line 20
2024-10-23 13:35:08 - Unknown "dump" function. in D:\xampp\htdocs\opencart\catalog\view\template\product\review_list.twig on line 20
2024-10-23 13:36:06 - Unknown "json_encode" function. in D:\xampp\htdocs\opencart\catalog\view\template\product\review_list.twig on line 20
2024-10-23 13:36:08 - Unknown "json_encode" function. in D:\xampp\htdocs\opencart\catalog\view\template\product\review_list.twig on line 20
2024-10-23 13:51:47 - Error: Could not load model Opencart\Catalog\Model\Product\Product! in D:\xampp\htdocs\opencart\system\engine\loader.php on line 177
2024-10-23 13:52:49 - Error: Could not load model Opencart\Catalog\Model\Product\Product! in D:\xampp\htdocs\opencart\system\engine\loader.php on line 177
2024-10-23 15:45:54 - PHP Warning: Undefined array key "value_for_money"
File: D:\xampp\htdocs\opencart\admin\controller\catalog\review.php
Line: 230

2024-10-23 15:45:54 - PHP Warning: Undefined array key "value_for_money"
File: D:\xampp\htdocs\opencart\admin\controller\catalog\review.php
Line: 230

2024-10-23 15:45:54 - PHP Warning: Undefined array key "value_for_money"
File: D:\xampp\htdocs\opencart\admin\controller\catalog\review.php
Line: 230

2024-10-23 15:45:54 - PHP Warning: Undefined array key "value_for_money"
File: D:\xampp\htdocs\opencart\admin\controller\catalog\review.php
Line: 230

2024-10-23 15:45:54 - PHP Warning: Undefined array key "value_for_money"
File: D:\xampp\htdocs\opencart\admin\controller\catalog\review.php
Line: 230

2024-10-23 15:45:54 - PHP Warning: Undefined array key "value_for_money"
File: D:\xampp\htdocs\opencart\admin\controller\catalog\review.php
Line: 230

2024-10-23 15:45:54 - PHP Warning: Undefined array key "value_for_money"
File: D:\xampp\htdocs\opencart\admin\controller\catalog\review.php
Line: 230

2024-10-23 15:46:07 - PHP Warning: Undefined array key "value_for_money"
File: D:\xampp\htdocs\opencart\admin\controller\catalog\review.php
Line: 230

2024-10-23 15:46:07 - PHP Warning: Undefined array key "value_for_money"
File: D:\xampp\htdocs\opencart\admin\controller\catalog\review.php
Line: 230

2024-10-23 15:46:07 - PHP Warning: Undefined array key "value_for_money"
File: D:\xampp\htdocs\opencart\admin\controller\catalog\review.php
Line: 230

2024-10-23 15:46:07 - PHP Warning: Undefined array key "value_for_money"
File: D:\xampp\htdocs\opencart\admin\controller\catalog\review.php
Line: 230

2024-10-23 15:46:07 - PHP Warning: Undefined array key "value_for_money"
File: D:\xampp\htdocs\opencart\admin\controller\catalog\review.php
Line: 230

2024-10-23 15:46:07 - PHP Warning: Undefined array key "value_for_money"
File: D:\xampp\htdocs\opencart\admin\controller\catalog\review.php
Line: 230

2024-10-23 15:46:07 - PHP Warning: Undefined array key "value_for_money"
File: D:\xampp\htdocs\opencart\admin\controller\catalog\review.php
Line: 230

2024-10-23 15:46:35 - PHP Warning: Undefined array key "value_for_money"
File: D:\xampp\htdocs\opencart\admin\controller\catalog\review.php
Line: 230

2024-10-23 15:46:35 - PHP Warning: Undefined array key "value_for_money"
File: D:\xampp\htdocs\opencart\admin\controller\catalog\review.php
Line: 230

2024-10-23 15:46:35 - PHP Warning: Undefined array key "value_for_money"
File: D:\xampp\htdocs\opencart\admin\controller\catalog\review.php
Line: 230

2024-10-23 15:46:35 - PHP Warning: Undefined array key "value_for_money"
File: D:\xampp\htdocs\opencart\admin\controller\catalog\review.php
Line: 230

2024-10-23 15:46:35 - PHP Warning: Undefined array key "value_for_money"
File: D:\xampp\htdocs\opencart\admin\controller\catalog\review.php
Line: 230

2024-10-23 15:46:35 - PHP Warning: Undefined array key "value_for_money"
File: D:\xampp\htdocs\opencart\admin\controller\catalog\review.php
Line: 230

2024-10-23 15:46:35 - PHP Warning: Undefined array key "value_for_money"
File: D:\xampp\htdocs\opencart\admin\controller\catalog\review.php
Line: 230

